TN:
SF:src\controllers\auth.controller.ts
FN:8,(anonymous_0)
FN:60,(anonymous_1)
FNF:2
FNH:2
FNDA:1,(anonymous_0)
FNDA:1,(anonymous_1)
DA:8,3
DA:9,1
DA:10,1
DA:13,1
DA:14,0
DA:17,1
DA:18,0
DA:22,1
DA:26,1
DA:27,0
DA:30,1
DA:32,1
DA:39,1
DA:40,1
DA:41,0
DA:44,1
DA:49,1
DA:50,1
DA:55,0
DA:56,0
DA:60,3
DA:61,1
DA:62,1
DA:65,1
DA:66,0
DA:69,1
DA:73,1
DA:74,0
DA:77,1
DA:79,1
DA:80,0
DA:83,1
DA:84,1
DA:85,0
DA:88,1
DA:94,1
DA:96,1
DA:101,0
DA:102,0
LF:39
LH:27
BRDA:13,0,0,0
BRDA:13,0,1,1
BRDA:13,1,0,1
BRDA:13,1,1,1
BRDA:17,2,0,0
BRDA:17,2,1,1
BRDA:26,3,0,0
BRDA:26,3,1,1
BRDA:40,4,0,0
BRDA:40,4,1,1
BRDA:65,5,0,0
BRDA:65,5,1,1
BRDA:65,6,0,1
BRDA:65,6,1,1
BRDA:73,7,0,0
BRDA:73,7,1,1
BRDA:79,8,0,0
BRDA:79,8,1,1
BRDA:84,9,0,0
BRDA:84,9,1,1
BRF:20
BRH:12
end_of_record
TN:
SF:src\controllers\task.controller.ts
FN:10,(anonymous_0)
FN:24,(anonymous_1)
FN:46,(anonymous_2)
FN:75,(anonymous_3)
FNF:4
FNH:3
FNDA:1,(anonymous_0)
FNDA:1,(anonymous_1)
FNDA:1,(anonymous_2)
FNDA:0,(anonymous_3)
DA:10,3
DA:11,1
DA:12,1
DA:15,1
DA:17,0
DA:24,3
DA:25,1
DA:26,1
DA:28,1
DA:29,0
DA:32,1
DA:40,1
DA:42,0
DA:46,3
DA:47,1
DA:48,1
DA:49,1
DA:50,1
DA:54,1
DA:55,1
DA:58,0
DA:59,0
DA:64,0
DA:69,0
DA:71,0
DA:75,3
DA:76,0
DA:77,0
DA:78,0
DA:80,0
DA:84,0
DA:85,0
DA:90,0
DA:91,0
DA:96,0
DA:100,0
DA:102,0
LF:37
LH:18
BRDA:19,0,0,0
BRDA:19,0,1,0
BRDA:28,1,0,0
BRDA:28,1,1,1
BRDA:54,2,0,1
BRDA:54,2,1,0
BRDA:58,3,0,0
BRDA:58,3,1,0
BRDA:84,4,0,0
BRDA:84,4,1,0
BRDA:90,5,0,0
BRDA:90,5,1,0
BRF:12
BRH:2
end_of_record
TN:
SF:src\middleware\auth.middleware.ts
FN:4,(anonymous_0)
FNF:1
FNH:1
FNDA:4,(anonymous_0)
DA:4,3
DA:9,4
DA:10,4
DA:12,3
DA:13,3
DA:14,3
DA:15,3
DA:17,0
LF:8
LH:7
BRDA:10,0,0,1
BRDA:10,0,1,3
BRF:2
BRH:2
end_of_record
